Arguments: 
  C:\Program Files\nodejs\node.exe C:\Program Files (x86)\Yarn\bin\yarn.js add bootstrap

PATH: 
  C:\Program Files (x86)\Common Files\Oracle\Java\javapath;C:\WINDOWS\system32;C:\WINDOWS;C:\WINDOWS\System32\Wbem;C:\WINDOWS\System32\WindowsPowerShell\v1.0\;C:\Program Files\nodejs\;C:\Program Files\Git\cmd;C:\Program Files (x86)\Yarn\bin\;C:\WINDOWS\System32\OpenSSH\;C:\Program Files\MySQL\MySQL Shell 8.0\bin\;C:\Program Files (x86)\Java\jre1.8.0_251\bin;C:\Users\hp\AppData\Local\Programs\Python\Python38-32\Scripts\;C:\Users\hp\AppData\Local\Programs\Python\Python38-32\;C:\Users\hp\AppData\Roaming\npm;C:\Users\hp\AppData\Local\Programs\Microsoft VS Code\bin;C:\Program Files\JetBrains\PyCharm Community Edition 2020.1.1\bin;;C:\Program Files\heroku\bin;C:\Users\hp\AppData\Local\Yarn\bin;C:\Users\hp\AppData\Local\Microsoft\WindowsApps;

Yarn version: 
  1.22.4

Node version: 
  12.16.3

Platform: 
  win32 x64

Trace: 
  Error: https://registry.yarnpkg.com/@ant-design/icons/-/icons-4.2.2.tgz: ESOCKETTIMEDOUT
      at ClientRequest.<anonymous> (C:\Program Files (x86)\Yarn\lib\cli.js:141375:19)
      at Object.onceWrapper (events.js:416:28)
      at ClientRequest.emit (events.js:310:20)
      at TLSSocket.emitRequestTimeout (_http_client.js:709:9)
      at Object.onceWrapper (events.js:416:28)
      at TLSSocket.emit (events.js:322:22)
      at TLSSocket.Socket._onTimeout (net.js:479:8)
      at listOnTimeout (internal/timers.js:549:17)
      at processTimers (internal/timers.js:492:7)

npm manifest: 
  {
    "name": "gui",
    "version": "0.1.0",
    "private": true,
    "dependencies": {
      "@material-ui/core": "^4.10.1",
      "@testing-library/jest-dom": "^4.2.4",
      "@testing-library/react": "^9.5.0",
      "@testing-library/user-event": "^7.2.1",
      "ag-grid-community": "^23.1.1",
      "ag-grid-react": "^23.1.1",
      "antd": "^4.2.5",
      "axios": "^0.19.2",
      "react": "^16.13.1",
      "react-dom": "^16.13.1",
      "react-scripts": "3.4.1",
      "typescript": "^3.9.3"
    },
    "scripts": {
      "start": "react-scripts start",
      "build": "react-scripts build",
      "test": "react-scripts test",
      "eject": "react-scripts eject",
      "postinstall": "npm run build"
    },
    "eslintConfig": {
      "extends": "react-app"
    },
    "browserslist": {
      "production": [
        ">0.2%",
        "not dead",
        "not op_mini all"
      ],
      "development": [
        "last 1 chrome version",
        "last 1 firefox version",
        "last 1 safari version"
      ]
    },
    "engines": {
      "node": "12.16.3",
      "npm": "6.14.4"
    }
  }

yarn manifest: 
  No manifest

Lockfile: 
  No lockfile
